<?xml version='1.0' encoding='UTF-8'?>
<testsuite hostname="lenovo" name="JuegoTests" tests="4" errors="0" failures="0" skipped="0" time="0.043" timestamp="2024-04-12T23:14:55">
          <properties>
[...]
</properties>
          <testcase classname="JuegoTests" name="Los personajes están vivos al ser inicializados" time="0.038">
                      
                    </testcase><testcase classname="JuegoTests" name="El party puede agregar miembros y verificar si está derrotado" time="0.002">
                      
                    </testcase><testcase classname="JuegoTests" name="Los enemigos pueden cambiar de estado de vivo a muerto" time="0.001">
                      
                    </testcase><testcase classname="JuegoTests" name="Las armas son asignadas correctamente a los personajes" time="0.002">
                      
                    </testcase>
          <system-out><![CDATA[]]></system-out>
          <system-err><![CDATA[]]></system-err>
        </testsuite>